# JRE version: OpenJDK Runtime Environment Temurin-17.0.3+7 (17.0.3+7) (build 17.0.3+7)
# Java VM: OpenJDK 64-Bit Server VM Temurin-17.0.3+7 (17.0.3+7, mixed mode, emulated-client, tiered, compressed oops, compressed class ptrs, g1 gc, windows-amd64)
GC Precious Log:
 CPUs: 4 total, 4 available
 Memory: 14266M
 Large Page Support: Disabled
 NUMA Support: Disabled
 Compressed Oops: Enabled (Zero based)
 Heap Region Size: 2M
 Heap Min Capacity: 8M
 Heap Initial Capacity: 224M
 Heap Max Capacity: 3568M
 Pre-touch: Disabled
 Parallel Workers: 4
 Concurrent Workers: 1
 Concurrent Refinement Workers: 4
 Periodic GC: Disabled
Heap:
 garbage-first heap   total 131072K, used 84302K [0x0000000721000000, 0x0000000800000000)
  region size 2048K, 15 young (30720K), 2 survivors (4096K)
 Metaspace       used 72336K, committed 73600K, reserved 1114112K
  class space    used 9647K, committed 10240K, reserved 1048576K
GC Heap History (20 events):
Event: 2334.743 GC heap before
{Heap before GC invocations=73 (full 8):
 garbage-first heap   total 131072K, used 104003K [0x0000000721000000, 0x0000000800000000)
  region size 2048K, 29 young (59392K), 2 survivors (4096K)
 Metaspace       used 71394K, committed 72512K, reserved 1114112K
  class space    used 9561K, committed 10112K, reserved 1048576K
}
Event: 2334.748 GC heap after
{Heap after GC invocations=74 (full 8):
 garbage-first heap   total 131072K, used 51674K [0x0000000721000000, 0x0000000800000000)
  region size 2048K, 4 young (8192K), 4 survivors (8192K)
 Metaspace       used 71394K, committed 72512K, reserved 1114112K
  class space    used 9561K, committed 10112K, reserved 1048576K
}
Event: 2338.794 GC heap before
{Heap before GC invocations=74 (full 8):
 garbage-first heap   total 131072K, used 100826K [0x0000000721000000, 0x0000000800000000)
  region size 2048K, 28 young (57344K), 4 survivors (8192K)
 Metaspace       used 71498K, committed 72640K, reserved 1114112K
  class space    used 9574K, committed 10112K, reserved 1048576K
}
Event: 2338.801 GC heap after
{Heap after GC invocations=75 (full 8):
 garbage-first heap   total 131072K, used 53332K [0x0000000721000000, 0x0000000800000000)
  region size 2048K, 3 young (6144K), 3 survivors (6144K)
 Metaspace       used 71498K, committed 72640K, reserved 1114112K
  class space    used 9574K, committed 10112K, reserved 1048576K
}
Event: 2353.014 GC heap before
{Heap before GC invocations=75 (full 8):
 garbage-first heap   total 131072K, used 102484K [0x0000000721000000, 0x0000000800000000)
  region size 2048K, 27 young (55296K), 3 survivors (6144K)
 Metaspace       used 71736K, committed 72896K, reserved 1114112K
  class space    used 9598K, committed 10176K, reserved 1048576K
}
Event: 2353.018 GC heap after
{Heap after GC invocations=76 (full 8):
 garbage-first heap   total 131072K, used 53508K [0x0000000721000000, 0x0000000800000000)
  region size 2048K, 2 young (4096K), 2 survivors (4096K)
 Metaspace       used 71736K, committed 72896K, reserved 1114112K
  class space    used 9598K, committed 10176K, reserved 1048576K
}
Event: 2355.857 GC heap before
{Heap before GC invocations=76 (full 8):
 garbage-first heap   total 131072K, used 104708K [0x0000000721000000, 0x0000000800000000)
  region size 2048K, 27 young (55296K), 2 survivors (4096K)
 Metaspace       used 71920K, committed 73088K, reserved 1114112K
  class space    used 9616K, committed 10176K, reserved 1048576K
}
Event: 2355.862 GC heap after
{Heap after GC invocations=77 (full 8):
 garbage-first heap   total 131072K, used 56347K [0x0000000721000000, 0x0000000800000000)
  region size 2048K, 4 young (8192K), 4 survivors (8192K)
 Metaspace       used 71920K, committed 73088K, reserved 1114112K
  class space    used 9616K, committed 10176K, reserved 1048576K
}
Event: 2370.432 GC heap before
{Heap before GC invocations=77 (full 8):
 garbage-first heap   total 131072K, used 101403K [0x0000000721000000, 0x0000000800000000)
  region size 2048K, 26 young (53248K), 4 survivors (8192K)
 Metaspace       used 71952K, committed 73152K, reserved 1114112K
  class space    used 9618K, committed 10176K, reserved 1048576K
}
Event: 2370.436 GC heap after
{Heap after GC invocations=78 (full 8):
 garbage-first heap   total 131072K, used 55702K [0x0000000721000000, 0x0000000800000000)
  region size 2048K, 2 young (4096K), 2 survivors (4096K)
 Metaspace       used 71952K, committed 73152K, reserved 1114112K
  class space    used 9618K, committed 10176K, reserved 1048576K
}
Event: 2387.343 GC heap before
{Heap before GC invocations=78 (full 8):
 garbage-first heap   total 131072K, used 104854K [0x0000000721000000, 0x0000000800000000)
  region size 2048K, 26 young (53248K), 2 survivors (4096K)
 Metaspace       used 71952K, committed 73152K, reserved 1114112K
  class space    used 9618K, committed 10176K, reserved 1048576K
}
Event: 2387.345 GC heap after
{Heap after GC invocations=79 (full 8):
 garbage-first heap   total 131072K, used 55155K [0x0000000721000000, 0x0000000800000000)
  region size 2048K, 2 young (4096K), 2 survivors (4096K)
 Metaspace       used 71952K, committed 73152K, reserved 1114112K
  class space    used 9618K, committed 10176K, reserved 1048576K
}
Event: 2396.205 GC heap before
{Heap before GC invocations=79 (full 8):
 garbage-first heap   total 131072K, used 104307K [0x0000000721000000, 0x0000000800000000)
  region size 2048K, 27 young (55296K), 2 survivors (4096K)
 Metaspace       used 72026K, committed 73216K, reserved 1114112K
  class space    used 9629K, committed 10176K, reserved 1048576K
}
Event: 2396.208 GC heap after
{Heap after GC invocations=80 (full 8):
 garbage-first heap   total 131072K, used 57382K [0x0000000721000000, 0x0000000800000000)
  region size 2048K, 3 young (6144K), 3 survivors (6144K)
 Metaspace       used 72026K, committed 73216K, reserved 1114112K
  class space    used 9629K, committed 10176K, reserved 1048576K
}
Event: 2400.164 GC heap before
{Heap before GC invocations=80 (full 8):
 garbage-first heap   total 131072K, used 102438K [0x0000000721000000, 0x0000000800000000)
  region size 2048K, 26 young (53248K), 3 survivors (6144K)
 Metaspace       used 72192K, committed 73344K, reserved 1114112K
  class space    used 9643K, committed 10176K, reserved 1048576K
}
Event: 2400.169 GC heap after
{Heap after GC invocations=81 (full 8):
 garbage-first heap   total 131072K, used 59482K [0x0000000721000000, 0x0000000800000000)
  region size 2048K, 3 young (6144K), 3 survivors (6144K)
 Metaspace       used 72192K, committed 73344K, reserved 1114112K
  class space    used 9643K, committed 10176K, reserved 1048576K
}
Event: 2404.387 GC heap before
{Heap before GC invocations=81 (full 8):
 garbage-first heap   total 131072K, used 104538K [0x0000000721000000, 0x0000000800000000)
  region size 2048K, 25 young (51200K), 3 survivors (6144K)
 Metaspace       used 72379K, committed 73600K, reserved 1114112K
  class space    used 9656K, committed 10240K, reserved 1048576K
}
Event: 2404.391 GC heap after
{Heap after GC invocations=82 (full 8):
 garbage-first heap   total 131072K, used 59667K [0x0000000721000000, 0x0000000800000000)
  region size 2048K, 2 young (4096K), 2 survivors (4096K)
 Metaspace       used 72379K, committed 73600K, reserved 1114112K
  class space    used 9656K, committed 10240K, reserved 1048576K
}
Event: 2418.249 GC heap before
{Heap before GC invocations=82 (full 8):
 garbage-first heap   total 131072K, used 104723K [0x0000000721000000, 0x0000000800000000)
  region size 2048K, 24 young (49152K), 2 survivors (4096K)
 Metaspace       used 72379K, committed 73600K, reserved 1114112K
  class space    used 9656K, committed 10240K, reserved 1048576K
}
Event: 2418.253 GC heap after
{Heap after GC invocations=83 (full 8):
 garbage-first heap   total 131072K, used 59726K [0x0000000721000000, 0x0000000800000000)
  region size 2048K, 2 young (4096K), 2 survivors (4096K)
 Metaspace       used 72379K, committed 73600K, reserved 1114112K
  class space    used 9656K, committed 10240K, reserved 1048576K
}

